<?xml version="1.0" encoding="UTF-8"?>
<!-- Generated by org.testng.reporters.JUnitReportReporter -->
<testsuite hostname="E1DV558" failures="0" tests="1" name="Jaleh.recipe.SC001_RefreshMenu" time="168.465" errors="0" timestamp="2025-08-27T16:25:05 IST" skipped="0">
  <testcase classname="Jaleh.recipe.SC001_RefreshMenu" name="Test_refreshRecipe" time="168.465"/>
</testsuite> <!-- Jaleh.recipe.SC001_RefreshMenu -->
