<?xml version="1.0" encoding="UTF-8"?>
<!-- Generated by org.testng.reporters.JUnitReportReporter -->
<testsuite hostname="E1DV558" failures="0" tests="1" name="AutomatedScriptOfJaleh01AsPOM.SC02_SiteInactive" time="35.813" errors="0" timestamp="2025-09-23T09:48:24 IST" skipped="0">
  <testcase classname="AutomatedScriptOfJaleh01AsPOM.SC02_SiteInactive" name="Test_SiteInactive" time="35.813"/>
</testsuite> <!-- AutomatedScriptOfJaleh01AsPOM.SC02_SiteInactive -->
