<?xml version="1.0" encoding="UTF-8"?>
<!-- Generated by org.testng.reporters.JUnitReportReporter -->
<testsuite hostname="E1DV558" failures="0" tests="1" name="Jaleh.recipe.AddSite" time="26.430" errors="0" timestamp="2025-09-01T15:30:20 IST" skipped="0">
  <testcase classname="Jaleh.recipe.AddSite" name="Test_createSite" time="26.430"/>
</testsuite> <!-- Jaleh.recipe.AddSite -->
