<?xml version="1.0" encoding="UTF-8"?>
<!-- Generated by org.testng.reporters.JUnitReportReporter -->
<testsuite hostname="E1DV558" failures="0" tests="1" name="AutomatedScriptOfJaleh01AsPOM.TC_DownloadExcelOnProductMenu" time="65.593" errors="0" timestamp="2025-09-24T12:23:43 IST" skipped="0">
  <testcase classname="AutomatedScriptOfJaleh01AsPOM.TC_DownloadExcelOnProductMenu" name="Test_TemplateMenu" time="65.593"/>
</testsuite> <!-- AutomatedScriptOfJaleh01AsPOM.TC_DownloadExcelOnProductMenu -->
