<?xml version="1.0" encoding="UTF-8"?>
<!-- Generated by org.testng.reporters.JUnitReportReporter -->
<testsuite hostname="E1DV558" failures="0" tests="1" name="Jaleh.recipe.SC001_RefreshRecipe_D" time="110.668" errors="0" timestamp="2025-08-29T11:29:54 IST" skipped="0">
  <testcase classname="Jaleh.recipe.SC001_RefreshRecipe_D" name="Test_refreshRecipe" time="110.668"/>
</testsuite> <!-- Jaleh.recipe.SC001_RefreshRecipe_D -->
