<?xml version="1.0" encoding="UTF-8"?>
<!-- Generated by org.testng.reporters.JUnitReportReporter -->
<testsuite hostname="E1DV558" failures="0" tests="1" name="AutomatedScriptOfJaleh01AsPOM.SC04_Refresh_Menu2" time="63.652" errors="0" timestamp="2025-09-30T22:38:15 IST" skipped="0">
  <testcase classname="AutomatedScriptOfJaleh01AsPOM.SC04_Refresh_Menu2" name="Test_ProductionMenu" time="63.652"/>
</testsuite> <!-- AutomatedScriptOfJaleh01AsPOM.SC04_Refresh_Menu2 -->
