<?xml version="1.0" encoding="UTF-8"?>
<!-- Generated by org.testng.reporters.JUnitReportReporter -->
<testsuite hostname="E1DV558" failures="0" tests="1" name="AutomatedScriptOfJaleh.TC001_CreateRecipe_D2" time="59.462" errors="0" timestamp="2025-09-05T17:18:05 IST" skipped="0">
  <testcase classname="AutomatedScriptOfJaleh.TC001_CreateRecipe_D2" name="Test_createRecipe" time="59.462"/>
</testsuite> <!-- AutomatedScriptOfJaleh.TC001_CreateRecipe_D2 -->
