<?xml version="1.0" encoding="UTF-8"?>
<!-- Generated by org.testng.reporters.JUnitReportReporter -->
<testsuite hostname="E1DV558" failures="0" tests="1" name="Jaleh.menu.OrangeHRMLoginSingle" time="20.050" errors="0" timestamp="2025-10-06T22:27:07 IST" skipped="0">
  <testcase classname="Jaleh.menu.OrangeHRMLoginSingle" name="loginTest" time="20.050"/>
</testsuite> <!-- Jaleh.menu.OrangeHRMLoginSingle -->
