<?xml version="1.0" encoding="UTF-8"?>
<!-- Generated by org.testng.reporters.JUnitReportReporter -->
<testsuite hostname="E1DV558" failures="0" tests="1" name="Jaleh.menu.TC003_CreateProductionMenu" time="109.006" errors="0" timestamp="2025-09-02T15:19:38 IST" skipped="0">
  <testcase classname="Jaleh.menu.TC003_CreateProductionMenu" name="Test_refreshRecipe" time="109.006"/>
</testsuite> <!-- Jaleh.menu.TC003_CreateProductionMenu -->
