<?xml version="1.0" encoding="UTF-8"?>
<!-- Generated by org.testng.reporters.JUnitReportReporter -->
<testsuite hostname="E1DV558" failures="0" tests="1" name="Jaleh.recipe.Edit_Recipe2" time="40.554" errors="0" timestamp="2025-08-21T15:05:05 IST" skipped="0">
  <testcase classname="Jaleh.recipe.Edit_Recipe2" name="Test_editrcp" time="40.554"/>
</testsuite> <!-- Jaleh.recipe.Edit_Recipe2 -->
