<?xml version="1.0" encoding="UTF-8"?>
<!-- Generated by org.testng.reporters.JUnitReportReporter -->
<testsuite hostname="E1DV558" failures="0" tests="1" name="Jaleh.recipe.RECIPE1.copy.Create_SiteRecipe" time="53.032" errors="0" timestamp="2025-08-05T09:55:18 IST" skipped="0">
  <testcase classname="Jaleh.recipe.RECIPE1.copy.Create_SiteRecipe" name="Test_createRecipe" time="53.032"/>
</testsuite> <!-- Jaleh.recipe.RECIPE1.copy.Create_SiteRecipe -->
