<?xml version="1.0" encoding="UTF-8"?>
<!-- Generated by org.testng.reporters.JUnitReportReporter -->
<testsuite hostname="E1DV558" failures="0" tests="1" name="AutomatedScriptOfJaleh01AsPOM.TC_DownloadMenuReportOnProductMenu2" time="55.158" errors="0" timestamp="2025-09-30T10:28:02 IST" skipped="0">
  <testcase classname="AutomatedScriptOfJaleh01AsPOM.TC_DownloadMenuReportOnProductMenu2" name="Test_TemplateMenu" time="55.158"/>
</testsuite> <!-- AutomatedScriptOfJaleh01AsPOM.TC_DownloadMenuReportOnProductMenu2 -->
