<?xml version="1.0" encoding="UTF-8"?>
<!-- Generated by org.testng.reporters.JUnitReportReporter -->
<testsuite hostname="E1DV558" failures="0" tests="1" name="Jaleh.recipe.TC003_CreateMenu" time="44.513" errors="0" timestamp="2025-09-02T10:14:24 IST" skipped="0">
  <testcase classname="Jaleh.recipe.TC003_CreateMenu" name="Test_refreshRecipe" time="44.513"/>
</testsuite> <!-- Jaleh.recipe.TC003_CreateMenu -->
