<?xml version="1.0" encoding="UTF-8"?>
<!-- Generated by org.testng.reporters.JUnitReportReporter -->
<testsuite hostname="E1DV558" failures="0" tests="1" name="compass.Test.TC_CreateTemplateMenu" time="74.935" errors="0" timestamp="2025-10-08T14:11:41 IST" skipped="0">
  <testcase classname="compass.Test.TC_CreateTemplateMenu" name="Test_TemplateMenu" time="74.935"/>
</testsuite> <!-- compass.Test.TC_CreateTemplateMenu -->
