<?xml version="1.0" encoding="UTF-8"?>
<!-- Generated by org.testng.reporters.JUnitReportReporter -->
<testsuite hostname="E1DV558" failures="0" tests="1" name="Jaleh.recipe.RECIPE1.copy.Create_SectorRecipe" time="50.216" errors="0" timestamp="2025-08-05T09:51:38 IST" skipped="0">
  <testcase classname="Jaleh.recipe.RECIPE1.copy.Create_SectorRecipe" name="Test_createRecipe" time="50.216"/>
</testsuite> <!-- Jaleh.recipe.RECIPE1.copy.Create_SectorRecipe -->
