<?xml version="1.0" encoding="UTF-8"?>
<!-- Generated by org.testng.reporters.JUnitReportReporter -->
<testsuite hostname="E1DV558" failures="0" tests="1" name="AutomatedScriptOfJaleh.Edit_DraftRecipe_D" time="33.877" errors="0" timestamp="2025-09-03T16:22:18 IST" skipped="0">
  <testcase classname="AutomatedScriptOfJaleh.Edit_DraftRecipe_D" name="Test_EditDraftRecipe" time="33.877"/>
</testsuite> <!-- AutomatedScriptOfJaleh.Edit_DraftRecipe_D -->
