<?xml version="1.0" encoding="UTF-8"?>
<!-- Generated by org.testng.reporters.JUnitReportReporter -->
<testsuite hostname="E1DV558" failures="0" tests="1" name="Jaleh.recipe.DeleteDraftRecipe_D" time="41.186" errors="0" timestamp="2025-08-29T13:17:12 IST" skipped="0">
  <testcase classname="Jaleh.recipe.DeleteDraftRecipe_D" name="Test_DeleteDraftRecipe" time="41.186"/>
</testsuite> <!-- Jaleh.recipe.DeleteDraftRecipe_D -->
