<?xml version="1.0" encoding="UTF-8"?>
<!-- Generated by org.testng.reporters.JUnitReportReporter -->
<testsuite hostname="E1DV558" failures="0" tests="1" name="AutomatedScriptOfJaleh01AsPOM.TC_EditCreatedSite" time="62.723" errors="0" timestamp="2025-09-26T15:41:10 IST" skipped="0">
  <testcase classname="AutomatedScriptOfJaleh01AsPOM.TC_EditCreatedSite" name="Test_createSite" time="62.723"/>
</testsuite> <!-- AutomatedScriptOfJaleh01AsPOM.TC_EditCreatedSite -->
