<?xml version="1.0" encoding="UTF-8"?>
<!-- Generated by org.testng.reporters.JUnitReportReporter -->
<testsuite hostname="E1DV558" failures="0" tests="1" name="AutomatedScriptOfJaleh01AsPOM.TC_DownloadAllRecipe" time="43.684" errors="0" timestamp="2025-09-24T14:40:38 IST" skipped="0">
  <testcase classname="AutomatedScriptOfJaleh01AsPOM.TC_DownloadAllRecipe" name="Test_TemplateMenu" time="43.684"/>
</testsuite> <!-- AutomatedScriptOfJaleh01AsPOM.TC_DownloadAllRecipe -->
