<?xml version="1.0" encoding="UTF-8"?>
<!-- Generated by org.testng.reporters.JUnitReportReporter -->
<testsuite hostname="E1DV558" failures="0" tests="1" name="AutomatedScriptOfJaleh.Edit_DraftRecipe_D2" time="40.020" errors="0" timestamp="2025-09-10T10:44:13 IST" skipped="0">
  <testcase classname="AutomatedScriptOfJaleh.Edit_DraftRecipe_D2" name="Test_EditDraftRecipe" time="40.020"/>
</testsuite> <!-- AutomatedScriptOfJaleh.Edit_DraftRecipe_D2 -->
