<?xml version="1.0" encoding="UTF-8"?>
<!-- Generated by org.testng.reporters.JUnitReportReporter -->
<testsuite hostname="E1DV558" failures="0" tests="1" name="AutomatedScriptOfJaleh01AsPOM.TC_RefreshMenuONList" time="69.087" errors="0" timestamp="2025-10-01T16:05:56 IST" skipped="0">
  <testcase classname="AutomatedScriptOfJaleh01AsPOM.TC_RefreshMenuONList" name="Test_RefreshMenuONList" time="69.087"/>
</testsuite> <!-- AutomatedScriptOfJaleh01AsPOM.TC_RefreshMenuONList -->
