<?xml version="1.0" encoding="UTF-8"?>
<!-- Generated by org.testng.reporters.JUnitReportReporter -->
<testsuite hostname="E1DV558" failures="0" tests="4" name="AutomatedScriptOfJaleh01AsPOM.TC_CreateRecipe" time="262.522" errors="0" timestamp="2025-09-25T10:05:03 IST" skipped="0">
  <testcase classname="AutomatedScriptOfJaleh01AsPOM.TC_CreateRecipe" name="Test_createRecipe" time="62.820"/>
  <testcase classname="AutomatedScriptOfJaleh01AsPOM.TC_CreateRecipe" name="Test_createRecipe" time="59.115"/>
  <testcase classname="AutomatedScriptOfJaleh01AsPOM.TC_CreateRecipe" name="Test_createRecipe" time="68.252"/>
  <testcase classname="AutomatedScriptOfJaleh01AsPOM.TC_CreateRecipe" name="Test_createRecipe" time="72.335"/>
</testsuite> <!-- AutomatedScriptOfJaleh01AsPOM.TC_CreateRecipe -->
