<?xml version="1.0" encoding="UTF-8"?>
<!-- Generated by org.testng.reporters.JUnitReportReporter -->
<testsuite hostname="E1DV558" failures="0" tests="1" name="AutomatedScriptOfJaleh.Edit_Recipe_D2" time="50.166" errors="0" timestamp="2025-09-10T10:41:50 IST" skipped="0">
  <testcase classname="AutomatedScriptOfJaleh.Edit_Recipe_D2" name="Test_EditDraftRecipe" time="50.166"/>
</testsuite> <!-- AutomatedScriptOfJaleh.Edit_Recipe_D2 -->
