<?xml version="1.0" encoding="UTF-8"?>
<!-- Generated by org.testng.reporters.JUnitReportReporter -->
<testsuite hostname="E1DV558" failures="0" tests="1" name="AutomatedScriptOfJaleh01AsPOM.SC01_RefreshRecipe" time="121.015" errors="0" timestamp="2025-09-30T11:37:40 IST" skipped="0">
  <testcase classname="AutomatedScriptOfJaleh01AsPOM.SC01_RefreshRecipe" name="Test_refreshRecipe" time="121.015"/>
</testsuite> <!-- AutomatedScriptOfJaleh01AsPOM.SC01_RefreshRecipe -->
