<?xml version="1.0" encoding="UTF-8"?>
<!-- Generated by org.testng.reporters.JUnitReportReporter -->
<testsuite hostname="E1DV558" failures="0" tests="1" name="Jaleh.recipe.TC003_CreateProductionMenu" time="114.286" errors="0" timestamp="2025-09-02T15:22:53 IST" skipped="0">
  <testcase classname="Jaleh.recipe.TC003_CreateProductionMenu" name="Test_refreshRecipe" time="114.286"/>
</testsuite> <!-- Jaleh.recipe.TC003_CreateProductionMenu -->
