<?xml version="1.0" encoding="UTF-8"?>
<!-- Generated by org.testng.reporters.JUnitReportReporter -->
<testsuite hostname="E1DV558" failures="0" tests="1" name="AutomatedScriptOfJaleh01AsPOM.TC_ActionOnMenu" time="31.789" errors="0" timestamp="2025-09-29T13:07:19 IST" skipped="0">
  <testcase classname="AutomatedScriptOfJaleh01AsPOM.TC_ActionOnMenu" name="Test_ProductionMenu" time="31.789"/>
</testsuite> <!-- AutomatedScriptOfJaleh01AsPOM.TC_ActionOnMenu -->
