<?xml version="1.0" encoding="UTF-8"?>
<!-- Generated by org.testng.reporters.JUnitReportReporter -->
<testsuite hostname="E1DV558" failures="0" tests="1" name="AutomatedScriptOfJaleh01AsPOM.SC04_Refresh_Menu" time="147.665" errors="0" timestamp="2025-10-01T10:07:42 IST" skipped="0">
  <testcase classname="AutomatedScriptOfJaleh01AsPOM.SC04_Refresh_Menu" name="Test_ProductionMenu" time="147.665"/>
</testsuite> <!-- AutomatedScriptOfJaleh01AsPOM.SC04_Refresh_Menu -->
