<?xml version="1.0" encoding="UTF-8"?>
<!-- Generated by org.testng.reporters.JUnitReportReporter -->
<testsuite hostname="E1DV558" failures="0" tests="1" name="Jaleh.recipe.DeleteDraftRecipe3" time="35.373" errors="0" timestamp="2025-08-29T13:15:00 IST" skipped="0">
  <testcase classname="Jaleh.recipe.DeleteDraftRecipe3" name="Test_DeleteDraftRecipe" time="35.373"/>
</testsuite> <!-- Jaleh.recipe.DeleteDraftRecipe3 -->
