<?xml version="1.0" encoding="UTF-8"?>
<!-- Generated by org.testng.reporters.JUnitReportReporter -->
<testsuite hostname="E1DV558" failures="0" tests="1" name="AutomatedScriptOfJaleh01AsPOM.TC_TestingCreateTemplateMenu2" time="38.977" errors="0" timestamp="2025-09-29T18:15:06 IST" skipped="0">
  <testcase classname="AutomatedScriptOfJaleh01AsPOM.TC_TestingCreateTemplateMenu2" name="Test_TemplateMenu" time="38.977"/>
</testsuite> <!-- AutomatedScriptOfJaleh01AsPOM.TC_TestingCreateTemplateMenu2 -->
