<?xml version="1.0" encoding="UTF-8"?>
<!-- Generated by org.testng.reporters.JUnitReportReporter -->
<testsuite hostname="E1DV558" failures="0" tests="1" name="AutomatedScriptOfJaleh01AsPOM.TC_CreateProductionMenu" time="80.817" errors="0" timestamp="2025-10-09T18:24:49 IST" skipped="0">
  <testcase classname="AutomatedScriptOfJaleh01AsPOM.TC_CreateProductionMenu" name="Test_ProductionMenu" time="80.817"/>
</testsuite> <!-- AutomatedScriptOfJaleh01AsPOM.TC_CreateProductionMenu -->
