<?xml version="1.0" encoding="UTF-8"?>
<!-- Generated by org.testng.reporters.JUnitReportReporter -->
<testsuite hostname="E1DV558" failures="0" tests="4" name="AutomatedScriptOfJaleh.copy.TC001_CreateRecipe_D2" time="251.051" errors="0" timestamp="2025-09-10T10:37:04 IST" skipped="0">
  <testcase classname="AutomatedScriptOfJaleh.copy.TC001_CreateRecipe_D2" name="Test_createRecipe" time="62.487"/>
  <testcase classname="AutomatedScriptOfJaleh.copy.TC001_CreateRecipe_D2" name="Test_createRecipe" time="66.524"/>
  <testcase classname="AutomatedScriptOfJaleh.copy.TC001_CreateRecipe_D2" name="Test_createRecipe" time="63.136"/>
  <testcase classname="AutomatedScriptOfJaleh.copy.TC001_CreateRecipe_D2" name="Test_createRecipe" time="58.904"/>
</testsuite> <!-- AutomatedScriptOfJaleh.copy.TC001_CreateRecipe_D2 -->
