<?xml version="1.0" encoding="UTF-8"?>
<!-- Generated by org.testng.reporters.JUnitReportReporter -->
<testsuite hostname="E1DV558" failures="0" tests="1" name="AutomatedScriptOfJaleh.DeleteDraftRecipe_D2" time="35.737" errors="0" timestamp="2025-09-10T10:46:43 IST" skipped="0">
  <testcase classname="AutomatedScriptOfJaleh.DeleteDraftRecipe_D2" name="Test_DeleteDraftRecipe" time="35.737"/>
</testsuite> <!-- AutomatedScriptOfJaleh.DeleteDraftRecipe_D2 -->
