<?xml version="1.0" encoding="UTF-8"?>
<!-- Generated by org.testng.reporters.JUnitReportReporter -->
<testsuite hostname="E1DV558" failures="0" tests="1" name="Jaleh.recipe.Edit_Recipe_D" time="47.750" errors="0" timestamp="2025-08-29T16:36:18 IST" skipped="0">
  <testcase classname="Jaleh.recipe.Edit_Recipe_D" name="Test_EditDraftRecipe" time="47.750"/>
</testsuite> <!-- Jaleh.recipe.Edit_Recipe_D -->
