<?xml version="1.0" encoding="UTF-8"?>
<!-- Generated by org.testng.reporters.JUnitReportReporter -->
<testsuite hostname="E1DV558" failures="0" tests="1" name="Jaleh.recipe.Edit_DraftRecipe2" time="52.777" errors="0" timestamp="2025-08-27T14:26:34 IST" skipped="0">
  <testcase classname="Jaleh.recipe.Edit_DraftRecipe2" name="Test_editrcp" time="52.777"/>
</testsuite> <!-- Jaleh.recipe.Edit_DraftRecipe2 -->
