<?xml version="1.0" encoding="UTF-8"?>
<!-- Generated by org.testng.reporters.JUnitReportReporter -->
<testsuite hostname="E1DV558" failures="0" tests="1" name="AutomatedScriptOfJaleh.DeleteTemplateMenu2" time="27.178" errors="0" timestamp="2025-09-10T12:53:03 IST" skipped="0">
  <testcase classname="AutomatedScriptOfJaleh.DeleteTemplateMenu2" name="Test_DeleteMenu" time="27.178"/>
</testsuite> <!-- AutomatedScriptOfJaleh.DeleteTemplateMenu2 -->
