<?xml version="1.0" encoding="UTF-8"?>
<!-- Generated by org.testng.reporters.JUnitReportReporter -->
<testsuite hostname="E1DV558" failures="0" tests="1" name="AutomatedScriptOfJaleh01AsPOM.Test.TC_CreateRecipe" time="46.381" errors="0" timestamp="2025-09-18T15:49:19 IST" skipped="0">
  <testcase classname="AutomatedScriptOfJaleh01AsPOM.Test.TC_CreateRecipe" name="testCreateRecipe" time="46.381"/>
</testsuite> <!-- AutomatedScriptOfJaleh01AsPOM.Test.TC_CreateRecipe -->
