<?xml version="1.0" encoding="UTF-8"?>
<!-- Generated by org.testng.reporters.JUnitReportReporter -->
<testsuite hostname="E1DV558" failures="0" tests="1" name="AutomatedScriptOfJaleh01.TC_MenuReport" time="63.724" errors="0" timestamp="2025-09-17T23:13:00 IST" skipped="0">
  <testcase classname="AutomatedScriptOfJaleh01.TC_MenuReport" name="Test_TemplateMenu" time="63.724"/>
</testsuite> <!-- AutomatedScriptOfJaleh01.TC_MenuReport -->
