<?xml version="1.0" encoding="UTF-8"?>
<!-- Generated by org.testng.reporters.JUnitReportReporter -->
<testsuite hostname="E1DV558" failures="0" tests="1" name="AutomatedScriptOfJaleh.TC003_CreateTemplateMenu" time="56.264" errors="0" timestamp="2025-09-10T12:40:17 IST" skipped="0">
  <testcase classname="AutomatedScriptOfJaleh.TC003_CreateTemplateMenu" name="Test_TemplateMenu" time="56.264"/>
</testsuite> <!-- AutomatedScriptOfJaleh.TC003_CreateTemplateMenu -->
