<?xml version="1.0" encoding="UTF-8"?>
<!-- Generated by org.testng.reporters.JUnitReportReporter -->
<testsuite hostname="E1DV558" failures="0" tests="1" name="AutomatedScriptOfJaleh01AsPOM.Runner.TC_Download_APL_MOG" time="34.575" errors="0" timestamp="2025-09-19T15:15:51 IST" skipped="0">
  <testcase classname="AutomatedScriptOfJaleh01AsPOM.Runner.TC_Download_APL_MOG" name="testMenuReportDownload" time="34.575"/>
</testsuite> <!-- AutomatedScriptOfJaleh01AsPOM.Runner.TC_Download_APL_MOG -->
