<?xml version="1.0" encoding="UTF-8"?>
<!-- Generated by org.testng.reporters.JUnitReportReporter -->
<testsuite hostname="E1DV558" failures="0" tests="1" name="Jaleh.recipe.TC001_CreateRecipe2" time="50.245" errors="0" timestamp="2025-08-29T11:43:50 IST" skipped="0">
  <testcase classname="Jaleh.recipe.TC001_CreateRecipe2" name="Test_createDraftRecipe" time="50.245"/>
</testsuite> <!-- Jaleh.recipe.TC001_CreateRecipe2 -->
