<?xml version="1.0" encoding="UTF-8"?>
<!-- Generated by org.testng.reporters.JUnitReportReporter -->
<testsuite hostname="E1DV558" failures="0" tests="1" name="Jaleh.menu.MenuEdit" time="28.106" errors="0" timestamp="2025-07-28T17:52:18 IST" skipped="0">
  <testcase classname="Jaleh.menu.MenuEdit" name="TC_MenuEdit" time="28.106"/>
</testsuite> <!-- Jaleh.menu.MenuEdit -->
