<?xml version="1.0" encoding="UTF-8"?>
<!-- Generated by org.testng.reporters.JUnitReportReporter -->
<testsuite hostname="E1DV558" failures="0" tests="1" name="Jaleh.recipe.RECIPE1.copy.Search_DraftRecipe" time="39.379" errors="0" timestamp="2025-08-05T10:25:49 IST" skipped="0">
  <testcase classname="Jaleh.recipe.RECIPE1.copy.Search_DraftRecipe" name="testSearchRecipe" time="39.379"/>
</testsuite> <!-- Jaleh.recipe.RECIPE1.copy.Search_DraftRecipe -->
