<?xml version="1.0" encoding="UTF-8"?>
<!-- Generated by org.testng.reporters.JUnitReportReporter -->
<testsuite hostname="E1DV558" failures="0" tests="1" name="AutomatedScriptOfJaleh01AsPOM.TC_PrintRecipeOnSearchRecipe" time="50.090" errors="0" timestamp="2025-09-24T15:11:41 IST" skipped="0">
  <testcase classname="AutomatedScriptOfJaleh01AsPOM.TC_PrintRecipeOnSearchRecipe" name="Test_TemplateMenu" time="50.090"/>
</testsuite> <!-- AutomatedScriptOfJaleh01AsPOM.TC_PrintRecipeOnSearchRecipe -->
