<?xml version="1.0" encoding="UTF-8"?>
<!-- Generated by org.testng.reporters.JUnitReportReporter -->
<testsuite hostname="E1DV558" failures="0" tests="1" name="Jaleh.recipe.creater_menu" time="147.504" errors="0" timestamp="2025-08-27T11:14:53 IST" skipped="0">
  <testcase classname="Jaleh.recipe.creater_menu" name="Test_refreshRecipe" time="147.504"/>
</testsuite> <!-- Jaleh.recipe.creater_menu -->
