<?xml version="1.0" encoding="UTF-8"?>
<!-- Generated by org.testng.reporters.JUnitReportReporter -->
<testsuite hostname="E1DV558" failures="0" tests="1" name="AutomatedScriptOfJaleh01AsPOM.TC_ReportsTemplateMenu" time="34.456" errors="0" timestamp="2025-10-09T17:00:35 IST" skipped="0">
  <testcase classname="AutomatedScriptOfJaleh01AsPOM.TC_ReportsTemplateMenu" name="Test_TemplateMenu" time="34.456"/>
</testsuite> <!-- AutomatedScriptOfJaleh01AsPOM.TC_ReportsTemplateMenu -->
