<?xml version="1.0" encoding="UTF-8"?>
<!-- Generated by org.testng.reporters.JUnitReportReporter -->
<testsuite hostname="E1DV558" failures="0" tests="1" name="AutomatedScriptOfJaleh01AsPOM.TC_CheckRefreshMenuONList" time="75.404" errors="0" timestamp="2025-10-09T18:20:16 IST" skipped="0">
  <testcase classname="AutomatedScriptOfJaleh01AsPOM.TC_CheckRefreshMenuONList" name="Test_RefreshMenuONList" time="75.404"/>
</testsuite> <!-- AutomatedScriptOfJaleh01AsPOM.TC_CheckRefreshMenuONList -->
