<?xml version="1.0" encoding="UTF-8"?>
<!-- Generated by org.testng.reporters.JUnitReportReporter -->
<testsuite hostname="E1DV558" failures="0" tests="1" name="Jaleh.recipe.Create_MasterRecipe3withdata3" time="55.455" errors="0" timestamp="2025-08-22T15:23:43 IST" skipped="0">
  <testcase classname="Jaleh.recipe.Create_MasterRecipe3withdata3" name="Test_createDraftRecipe" time="55.455"/>
</testsuite> <!-- Jaleh.recipe.Create_MasterRecipe3withdata3 -->
