<?xml version="1.0" encoding="UTF-8"?>
<!-- Generated by org.testng.reporters.JUnitReportReporter -->
<testsuite hostname="E1DV558" failures="0" tests="1" name="AutomatedScriptOfJaleh01AsPOM.TC_PrintRecipeOnProductMenu" time="42.703" errors="0" timestamp="2025-09-24T14:57:53 IST" skipped="0">
  <testcase classname="AutomatedScriptOfJaleh01AsPOM.TC_PrintRecipeOnProductMenu" name="Test_TemplateMenu" time="42.703"/>
</testsuite> <!-- AutomatedScriptOfJaleh01AsPOM.TC_PrintRecipeOnProductMenu -->
