<?xml version="1.0" encoding="UTF-8"?>
<!-- Generated by org.testng.reporters.JUnitReportReporter -->
<testsuite hostname="E1DV558" failures="0" tests="1" name="AutomatedScriptOfJaleh01AsPOM.TCFL_ChangeRole2" time="44.478" errors="0" timestamp="2025-09-23T12:55:49 IST" skipped="0">
  <testcase classname="AutomatedScriptOfJaleh01AsPOM.TCFL_ChangeRole2" name="Test_SiteInactive" time="44.478"/>
</testsuite> <!-- AutomatedScriptOfJaleh01AsPOM.TCFL_ChangeRole2 -->
