<?xml version="1.0" encoding="UTF-8"?>
<!-- Generated by org.testng.reporters.JUnitReportReporter -->
<testsuite hostname="E1DV558" failures="0" tests="3" name="AutomatedScriptOfJaleh01AsPOM.TC_ReportsProductionMenu" time="141.322" errors="0" timestamp="2025-10-07T16:43:40 IST" skipped="0">
  <testcase classname="AutomatedScriptOfJaleh01AsPOM.TC_ReportsProductionMenu" name="Test_TemplateMenu" time="68.631"/>
  <testcase classname="AutomatedScriptOfJaleh01AsPOM.TC_ReportsProductionMenu" name="Test_TemplateMenu" time="35.916"/>
  <testcase classname="AutomatedScriptOfJaleh01AsPOM.TC_ReportsProductionMenu" name="Test_TemplateMenu" time="36.775"/>
</testsuite> <!-- AutomatedScriptOfJaleh01AsPOM.TC_ReportsProductionMenu -->
