<?xml version="1.0" encoding="UTF-8"?>
<!-- Generated by org.testng.reporters.JUnitReportReporter -->
<testsuite hostname="E1DV558" failures="0" tests="1" name="Jaleh.recipe.SC001_RefreshRecipe3" time="101.204" errors="0" timestamp="2025-08-29T10:27:25 IST" skipped="0">
  <testcase classname="Jaleh.recipe.SC001_RefreshRecipe3" name="Test_refreshRecipe" time="101.204"/>
</testsuite> <!-- Jaleh.recipe.SC001_RefreshRecipe3 -->
