<?xml version="1.0" encoding="UTF-8"?>
<!-- Generated by org.testng.reporters.JUnitReportReporter -->
<testsuite hostname="E1DV558" failures="0" tests="1" name="test.TC002" time="23.544" errors="0" timestamp="2025-08-04T12:12:31 IST" skipped="0">
  <testcase classname="test.TC002" name="menu_Report01" time="23.544"/>
</testsuite> <!-- test.TC002 -->
