<?xml version="1.0" encoding="UTF-8"?>
<!-- Generated by org.testng.reporters.JUnitReportReporter -->
<testsuite hostname="E1DV558" failures="0" tests="1" name="AutomatedScriptOfJaleh01AsPOM.Runner.TC_CreateTemplateMenu" time="95.484" errors="0" timestamp="2025-09-18T20:02:14 IST" skipped="0">
  <testcase classname="AutomatedScriptOfJaleh01AsPOM.Runner.TC_CreateTemplateMenu" name="testCreateTemplateMenu" time="95.484"/>
</testsuite> <!-- AutomatedScriptOfJaleh01AsPOM.Runner.TC_CreateTemplateMenu -->
