<?xml version="1.0" encoding="UTF-8"?>
<!-- Generated by org.testng.reporters.JUnitReportReporter -->
<testsuite hostname="E1DV558" failures="0" tests="1" name="Jaleh.menu.MenuAdd" time="61.038" errors="0" timestamp="2025-08-14T17:26:41 IST" skipped="0">
  <testcase classname="Jaleh.menu.MenuAdd" name="TC_MenuAdd" time="61.038"/>
</testsuite> <!-- Jaleh.menu.MenuAdd -->
