<?xml version="1.0" encoding="UTF-8"?>
<!-- Generated by org.testng.reporters.JUnitReportReporter -->
<testsuite hostname="E1DV558" failures="0" tests="1" name="Jaleh.recipe.TC003_CreateProductionMenu2" time="29.239" errors="0" timestamp="2025-09-02T12:58:36 IST" skipped="0">
  <testcase classname="Jaleh.recipe.TC003_CreateProductionMenu2" name="Test_refreshRecipe" time="29.239"/>
</testsuite> <!-- Jaleh.recipe.TC003_CreateProductionMenu2 -->
