<?xml version="1.0" encoding="UTF-8"?>
<!-- Generated by org.testng.reporters.JUnitReportReporter -->
<testsuite hostname="E1DV558" failures="0" tests="1" name="AutomatedScriptOfJaleh01AsPOM.TC_DownloadMenuReportOnProductMenu" time="72.533" errors="0" timestamp="2025-09-23T23:10:41 IST" skipped="0">
  <testcase classname="AutomatedScriptOfJaleh01AsPOM.TC_DownloadMenuReportOnProductMenu" name="Test_TemplateMenu" time="72.533"/>
</testsuite> <!-- AutomatedScriptOfJaleh01AsPOM.TC_DownloadMenuReportOnProductMenu -->
