<?xml version="1.0" encoding="UTF-8"?>
<!-- Generated by org.testng.reporters.JUnitReportReporter -->
<testsuite hostname="E1DV558" failures="0" tests="1" name="AutomatedScriptOfJaleh01AsPOM.SC01_RefreshRecipe2" time="139.672" errors="0" timestamp="2025-10-06T14:28:17 IST" skipped="0">
  <testcase classname="AutomatedScriptOfJaleh01AsPOM.SC01_RefreshRecipe2" name="Test_refreshRecipe" time="139.672"/>
</testsuite> <!-- AutomatedScriptOfJaleh01AsPOM.SC01_RefreshRecipe2 -->
