<?xml version="1.0" encoding="UTF-8"?>
<!-- Generated by org.testng.reporters.JUnitReportReporter -->
<testsuite hostname="E1DV558" failures="0" tests="1" name="Jaleh.recipe.RECIPE1.copy.demo2nd" time="35.567" errors="0" timestamp="2025-08-28T10:19:18 IST" skipped="0">
  <testcase classname="Jaleh.recipe.RECIPE1.copy.demo2nd" name="dmotesting" time="35.567"/>
</testsuite> <!-- Jaleh.recipe.RECIPE1.copy.demo2nd -->
