<?xml version="1.0" encoding="UTF-8"?>
<!-- Generated by org.testng.reporters.JUnitReportReporter -->
<testsuite hostname="E1DV558" failures="0" tests="1" name="AutomatedScriptOfJaleh01.DeleteProductionMenu2" time="28.939" errors="0" timestamp="2025-09-11T11:30:44 IST" skipped="0">
  <testcase classname="AutomatedScriptOfJaleh01.DeleteProductionMenu2" name="Test_DeleteMenu" time="28.939"/>
</testsuite> <!-- AutomatedScriptOfJaleh01.DeleteProductionMenu2 -->
