<?xml version="1.0" encoding="UTF-8"?>
<!-- Generated by org.testng.reporters.JUnitReportReporter -->
<testsuite hostname="E1DV558" failures="0" tests="1" name="Jaleh.recipe.Create_SectorRecipe2withdata" time="80.931" errors="0" timestamp="2025-08-18T15:20:44 IST" skipped="0">
  <testcase classname="Jaleh.recipe.Create_SectorRecipe2withdata" name="Test_createSectorRecipe" time="80.931"/>
</testsuite> <!-- Jaleh.recipe.Create_SectorRecipe2withdata -->
