<?xml version="1.0" encoding="UTF-8"?>
<!-- Generated by org.testng.reporters.JUnitReportReporter -->
<testsuite hostname="E1DV558" failures="0" tests="1" name="AutomatedScriptOfJaleh01AsPOM.TC_SiteInactive" time="42.399" errors="0" timestamp="2025-09-22T14:24:36 IST" skipped="0">
  <testcase classname="AutomatedScriptOfJaleh01AsPOM.TC_SiteInactive" name="Test_SiteInactive" time="42.399"/>
</testsuite> <!-- AutomatedScriptOfJaleh01AsPOM.TC_SiteInactive -->
