<?xml version="1.0" encoding="UTF-8"?>
<!-- Generated by org.testng.reporters.JUnitReportReporter -->
<testsuite hostname="E1DV558" failures="0" tests="1" name="Jaleh.recipe.RECIPE1.copy.Create_MasterRecipe" time="62.207" errors="0" timestamp="2025-08-08T15:00:30 IST" skipped="0">
  <testcase classname="Jaleh.recipe.RECIPE1.copy.Create_MasterRecipe" name="Test_createRecipe" time="62.207"/>
</testsuite> <!-- Jaleh.recipe.RECIPE1.copy.Create_MasterRecipe -->
