<?xml version="1.0" encoding="UTF-8"?>
<!-- Generated by org.testng.reporters.JUnitReportReporter -->
<testsuite hostname="E1DV558" failures="0" tests="1" name="Jaleh.recipe.RECIPE1.copy.CreateRecipeTest" time="60.628" errors="0" timestamp="2025-08-05T14:42:55 IST" skipped="0">
  <testcase classname="Jaleh.recipe.RECIPE1.copy.CreateRecipeTest" name="Test_createRecipe" time="60.628"/>
</testsuite> <!-- Jaleh.recipe.RECIPE1.copy.CreateRecipeTest -->
