<?xml version="1.0" encoding="UTF-8"?>
<!-- Generated by org.testng.reporters.JUnitReportReporter -->
<testsuite hostname="E1DV558" failures="0" tests="1" name="AutomatedScriptOfJaleh01.TC_CheckFeatureWithorWithoutPrice" time="37.945" errors="0" timestamp="2025-09-15T11:48:23 IST" skipped="0">
  <testcase classname="AutomatedScriptOfJaleh01.TC_CheckFeatureWithorWithoutPrice" name="Test_TemplateMenu" time="37.945"/>
</testsuite> <!-- AutomatedScriptOfJaleh01.TC_CheckFeatureWithorWithoutPrice -->
