<?xml version="1.0" encoding="UTF-8"?>
<!-- Generated by org.testng.reporters.JUnitReportReporter -->
<testsuite hostname="E1DV558" failures="0" tests="1" name="Jaleh.recipe.DeleteDraftRecipe2" time="46.307" errors="0" timestamp="2025-08-27T14:27:44 IST" skipped="0">
  <testcase classname="Jaleh.recipe.DeleteDraftRecipe2" name="Test_DeleteRecipe" time="46.307"/>
</testsuite> <!-- Jaleh.recipe.DeleteDraftRecipe2 -->
