<?xml version="1.0" encoding="UTF-8"?>
<!-- Generated by org.testng.reporters.JUnitReportReporter -->
<testsuite hostname="E1DV558" failures="0" tests="1" name="Jaleh.recipe.TC001_CreateRecipe_D" time="50.846" errors="0" timestamp="2025-09-01T10:20:17 IST" skipped="0">
  <testcase classname="Jaleh.recipe.TC001_CreateRecipe_D" name="Test_createRecipe" time="50.846"/>
</testsuite> <!-- Jaleh.recipe.TC001_CreateRecipe_D -->
