<?xml version="1.0" encoding="UTF-8"?>
<!-- Generated by org.testng.reporters.JUnitReportReporter -->
<testsuite hostname="E1DV558" failures="0" tests="1" name="AutomatedScriptOfJaleh01AsPOM.TC_CreateSite" time="51.569" errors="0" timestamp="2025-10-09T12:32:22 IST" skipped="0">
  <testcase classname="AutomatedScriptOfJaleh01AsPOM.TC_CreateSite" name="Test_createSite" time="51.569"/>
</testsuite> <!-- AutomatedScriptOfJaleh01AsPOM.TC_CreateSite -->
