<?xml version="1.0" encoding="UTF-8"?>
<!-- Generated by org.testng.reporters.JUnitReportReporter -->
<testsuite hostname="E1DV558" failures="0" tests="1" name="AutomatedScriptOfJaleh.DeleteMenu" time="18.145" errors="0" timestamp="2025-09-03T15:39:54 IST" skipped="0">
  <testcase classname="AutomatedScriptOfJaleh.DeleteMenu" name="Test_DeleteMenu" time="18.145"/>
</testsuite> <!-- AutomatedScriptOfJaleh.DeleteMenu -->
