<?xml version="1.0" encoding="UTF-8"?>
<!-- Generated by org.testng.reporters.JUnitReportReporter -->
<testsuite hostname="E1DV558" failures="0" tests="1" name="AutomatedScriptOfJaleh.TC003_CreateProductionMenu" time="69.941" errors="0" timestamp="2025-09-10T12:48:12 IST" skipped="0">
  <testcase classname="AutomatedScriptOfJaleh.TC003_CreateProductionMenu" name="Test_ProductionMenu" time="69.941"/>
</testsuite> <!-- AutomatedScriptOfJaleh.TC003_CreateProductionMenu -->
