<?xml version="1.0" encoding="UTF-8"?>
<!-- Generated by org.testng.reporters.JUnitReportReporter -->
<testsuite hostname="E1DV558" failures="0" tests="1" name="Jaleh.recipe.TC003_CreateTemplateMenu" time="47.830" errors="0" timestamp="2025-09-02T15:26:54 IST" skipped="0">
  <testcase classname="Jaleh.recipe.TC003_CreateTemplateMenu" name="Test_refreshRecipe" time="47.830"/>
</testsuite> <!-- Jaleh.recipe.TC003_CreateTemplateMenu -->
