<?xml version="1.0" encoding="UTF-8"?>
<!-- Generated by org.testng.reporters.JUnitReportReporter -->
<testsuite hostname="E1DV558" failures="0" tests="1" name="AutomatedScriptOfJaleh.DeleteDraftRecipe_D" time="30.961" errors="0" timestamp="2025-09-03T16:24:18 IST" skipped="0">
  <testcase classname="AutomatedScriptOfJaleh.DeleteDraftRecipe_D" name="Test_DeleteDraftRecipe" time="30.961"/>
</testsuite> <!-- AutomatedScriptOfJaleh.DeleteDraftRecipe_D -->
