<?xml version="1.0" encoding="UTF-8"?>
<!-- Generated by org.testng.reporters.JUnitReportReporter -->
<testsuite hostname="E1DV558" failures="0" tests="1" name="AutomatedScriptOfJaleh01AsPOM.TC_CreateAdhocSite" time="40.908" errors="0" timestamp="2025-09-25T16:38:12 IST" skipped="0">
  <testcase classname="AutomatedScriptOfJaleh01AsPOM.TC_CreateAdhocSite" name="Test_createSite" time="40.908"/>
</testsuite> <!-- AutomatedScriptOfJaleh01AsPOM.TC_CreateAdhocSite -->
