<?xml version="1.0" encoding="UTF-8"?>
<!-- Generated by org.testng.reporters.JUnitReportReporter -->
<testsuite hostname="E1DV558" failures="0" tests="1" name="AutomatedScriptOfJaleh01AsPOM.Runner.TC_CreateRecipe" time="53.370" errors="0" timestamp="2025-09-19T12:39:28 IST" skipped="0">
  <testcase classname="AutomatedScriptOfJaleh01AsPOM.Runner.TC_CreateRecipe" name="testCreateRecipe" time="53.370"/>
</testsuite> <!-- AutomatedScriptOfJaleh01AsPOM.Runner.TC_CreateRecipe -->
