<?xml version="1.0" encoding="UTF-8"?>
<!-- Generated by org.testng.reporters.JUnitReportReporter -->
<testsuite hostname="E1DV558" failures="0" tests="1" name="AutomatedScriptOfJaleh01AsPOM.TC_Download_APL_MOG" time="45.972" errors="0" timestamp="2025-09-25T10:26:58 IST" skipped="0">
  <testcase classname="AutomatedScriptOfJaleh01AsPOM.TC_Download_APL_MOG" name="Download_APL_MOG" time="45.972"/>
</testsuite> <!-- AutomatedScriptOfJaleh01AsPOM.TC_Download_APL_MOG -->
