<?xml version="1.0" encoding="UTF-8"?>
<!-- Generated by org.testng.reporters.JUnitReportReporter -->
<testsuite hostname="E1DV558" failures="0" tests="1" name="AutomatedScriptOfJaleh01AsPOM.TC003_CreateProductionMenu" time="76.927" errors="0" timestamp="2025-09-19T13:20:02 IST" skipped="0">
  <testcase classname="AutomatedScriptOfJaleh01AsPOM.TC003_CreateProductionMenu" name="Test_ProductionMenu" time="76.927"/>
</testsuite> <!-- AutomatedScriptOfJaleh01AsPOM.TC003_CreateProductionMenu -->
