<?xml version="1.0" encoding="UTF-8"?>
<!-- Generated by org.testng.reporters.JUnitReportReporter -->
<testsuite hostname="E1DV558" failures="0" tests="1" name="Jaleh.menu.MenuSearch" time="28.576" errors="0" timestamp="2025-07-28T17:50:11 IST" skipped="0">
  <testcase classname="Jaleh.menu.MenuSearch" name="TC_MenuSearch" time="28.576"/>
</testsuite> <!-- Jaleh.menu.MenuSearch -->
