<?xml version="1.0" encoding="UTF-8"?>
<!-- Generated by org.testng.reporters.JUnitReportReporter -->
<testsuite hostname="E1DV558" failures="0" tests="1" name="Jaleh.menu.MenuDelete" time="27.528" errors="0" timestamp="2025-07-28T17:53:01 IST" skipped="0">
  <testcase classname="Jaleh.menu.MenuDelete" name="TC_MenuDelete" time="27.528"/>
</testsuite> <!-- Jaleh.menu.MenuDelete -->
