<?xml version="1.0" encoding="UTF-8"?>
<!-- Generated by org.testng.reporters.JUnitReportReporter -->
<testsuite hostname="E1DV558" failures="0" tests="1" name="AutomatedScriptOfJaleh01.TC003_CreateTemplateMenu" time="69.143" errors="0" timestamp="2025-09-11T12:23:52 IST" skipped="0">
  <testcase classname="AutomatedScriptOfJaleh01.TC003_CreateTemplateMenu" name="Test_TemplateMenu" time="69.143"/>
</testsuite> <!-- AutomatedScriptOfJaleh01.TC003_CreateTemplateMenu -->
