<?xml version="1.0" encoding="UTF-8"?>
<!-- Generated by org.testng.reporters.JUnitReportReporter -->
<testsuite hostname="E1DV558" failures="0" tests="1" name="AutomatedScriptOfJaleh01AsPOM.Test.TC_MenuReport" time="50.552" errors="0" timestamp="2025-09-18T12:14:13 IST" skipped="0">
  <testcase classname="AutomatedScriptOfJaleh01AsPOM.Test.TC_MenuReport" name="testMenuReportDownload" time="50.552"/>
</testsuite> <!-- AutomatedScriptOfJaleh01AsPOM.Test.TC_MenuReport -->
