<?xml version="1.0" encoding="UTF-8"?>
<!-- Generated by org.testng.reporters.JUnitReportReporter -->
<testsuite hostname="E1DV558" failures="0" tests="1" name="AutomatedScriptOfJaleh01AsPOM.TC_CreateRecipe" time="91.731" errors="0" timestamp="2025-10-08T16:42:29 IST" skipped="0">
  <testcase classname="AutomatedScriptOfJaleh01AsPOM.TC_CreateRecipe" name="Test_createRecipe" time="91.731"/>
</testsuite> <!-- AutomatedScriptOfJaleh01AsPOM.TC_CreateRecipe -->
