<?xml version="1.0" encoding="UTF-8"?>
<!-- Generated by org.testng.reporters.JUnitReportReporter -->
<testsuite hostname="E1DV558" failures="0" tests="1" name="AutomatedScriptOfJaleh.DeleteProductionMenu2" time="24.788" errors="0" timestamp="2025-09-10T12:55:21 IST" skipped="0">
  <testcase classname="AutomatedScriptOfJaleh.DeleteProductionMenu2" name="Test_DeleteMenu" time="24.788"/>
</testsuite> <!-- AutomatedScriptOfJaleh.DeleteProductionMenu2 -->
