<?xml version="1.0" encoding="UTF-8"?>
<!-- Generated by org.testng.reporters.JUnitReportReporter -->
<testsuite hostname="E1DV558" failures="0" tests="1" name="AutomatedScriptOfJaleh01AsPOM.TC_DownloadExcelOnProductMenu2" time="39.887" errors="0" timestamp="2025-09-24T12:52:39 IST" skipped="0">
  <testcase classname="AutomatedScriptOfJaleh01AsPOM.TC_DownloadExcelOnProductMenu2" name="Test_TemplateMenu" time="39.887"/>
</testsuite> <!-- AutomatedScriptOfJaleh01AsPOM.TC_DownloadExcelOnProductMenu2 -->
