<?xml version="1.0" encoding="UTF-8"?>
<!-- Generated by org.testng.reporters.JUnitReportReporter -->
<testsuite hostname="E1DV558" failures="0" tests="1" name="Jaleh.recipe.Create_DraftRecipe" time="66.256" errors="0" timestamp="2025-08-14T10:59:50 IST" skipped="0">
  <testcase classname="Jaleh.recipe.Create_DraftRecipe" name="Test_createRecipe" time="66.256"/>
</testsuite> <!-- Jaleh.recipe.Create_DraftRecipe -->
