<?xml version="1.0" encoding="UTF-8"?>
<!-- Generated by org.testng.reporters.JUnitReportReporter -->
<testsuite hostname="E1DV558" failures="0" tests="2" name="AutomatedScriptOfJaleh01.TC003_CreateProductionMenu" time="151.559" errors="0" timestamp="2025-09-11T12:43:43 IST" skipped="0">
  <testcase classname="AutomatedScriptOfJaleh01.TC003_CreateProductionMenu" name="Test_ProductionMenu" time="75.042"/>
  <testcase classname="AutomatedScriptOfJaleh01.TC003_CreateProductionMenu" name="Test_ProductionMenu" time="76.517"/>
</testsuite> <!-- AutomatedScriptOfJaleh01.TC003_CreateProductionMenu -->
