<?xml version="1.0" encoding="UTF-8"?>
<!-- Generated by org.testng.reporters.JUnitReportReporter -->
<testsuite hostname="E1DV558" failures="0" tests="1" name="AutomatedScriptOfJaleh01AsPOM.TC_MenuReport" time="79.977" errors="0" timestamp="2025-09-23T15:17:59 IST" skipped="0">
  <testcase classname="AutomatedScriptOfJaleh01AsPOM.TC_MenuReport" name="Test_TemplateMenu" time="79.977"/>
</testsuite> <!-- AutomatedScriptOfJaleh01AsPOM.TC_MenuReport -->
