<?xml version="1.0" encoding="UTF-8"?>
<!-- Generated by org.testng.reporters.JUnitReportReporter -->
<testsuite hostname="E1DV558" failures="0" tests="3" name="AutomatedScriptOfJaleh01AsPOM.TC_ReportsNewOrUnpublishedMenu" time="118.777" errors="0" timestamp="2025-10-07T17:29:43 IST" skipped="0">
  <testcase classname="AutomatedScriptOfJaleh01AsPOM.TC_ReportsNewOrUnpublishedMenu" name="Test_TemplateMenu" time="39.953"/>
  <testcase classname="AutomatedScriptOfJaleh01AsPOM.TC_ReportsNewOrUnpublishedMenu" name="Test_TemplateMenu" time="38.151"/>
  <testcase classname="AutomatedScriptOfJaleh01AsPOM.TC_ReportsNewOrUnpublishedMenu" name="Test_TemplateMenu" time="40.673"/>
</testsuite> <!-- AutomatedScriptOfJaleh01AsPOM.TC_ReportsNewOrUnpublishedMenu -->
